
*** Running vivado
    with args -log system_vio_0_0.vds -m64 -product Vivado -mode batch -messageDb vivado.pb -notrace -source system_vio_0_0.tcl


****** Vivado v2018.3 (64-bit)
  **** SW Build 2405991 on Thu Dec  6 23:36:41 MST 2018
  **** IP Build 2404404 on Fri Dec  7 01:43:56 MST 2018
    ** Copyright 1986-2018 Xilinx, Inc. All Rights Reserved.

source system_vio_0_0.tcl -notrace
INFO: [IP_Flow 19-234] Refreshing IP repositories
INFO: [IP_Flow 19-1700] Loaded user IP repository '/home/rome/Escritorio/cese/cursos/5B/MYS/proyectos/repo_ip'.
INFO: [IP_Flow 19-2313] Loaded Vivado IP repository '/home/rome/opt/xilinx/Vivado/2018.3/data/ip'.
Command: synth_design -top system_vio_0_0 -part xc7z010clg400-1 -mode out_of_context
Starting synth_design
Attempting to get a license for feature 'Synthesis' and/or device 'xc7z010'
INFO: [Common 17-349] Got license for feature 'Synthesis' and/or device 'xc7z010'
INFO: Launching helper process for spawning children vivado processes
INFO: Helper process launched with PID 32673 
---------------------------------------------------------------------------------
Starting RTL Elaboration : Time (s): cpu = 00:00:03 ; elapsed = 00:00:05 . Memory (MB): peak = 1431.438 ; gain = 79.023 ; free physical = 614 ; free virtual = 4535
---------------------------------------------------------------------------------
INFO: [Synth 8-6157] synthesizing module 'system_vio_0_0' [/home/rome/Escritorio/cese/cursos/5B/MYS/proyectos/contador/sintesis/contador.srcs/sources_1/bd/system/ip/system_vio_0_0/synth/system_vio_0_0.v:59]
WARNING: [Synth 8-3848] Net sl_iport0 in module/entity system_vio_0_0 does not have driver. [/home/rome/Escritorio/cese/cursos/5B/MYS/proyectos/contador/sintesis/contador.srcs/sources_1/bd/system/ip/system_vio_0_0/synth/system_vio_0_0.v:71]
INFO: [Synth 8-6155] done synthesizing module 'system_vio_0_0' (5#1) [/home/rome/Escritorio/cese/cursos/5B/MYS/proyectos/contador/sintesis/contador.srcs/sources_1/bd/system/ip/system_vio_0_0/synth/system_vio_0_0.v:59]
WARNING: [Synth 8-3331] design vio_v3_0_19_probe_in_one has unconnected port Internal_cnt_rst
WARNING: [Synth 8-3331] design vio_v3_0_19_vio has unconnected port probe_in1[0]
WARNING: [Synth 8-3331] design vio_v3_0_19_vio has unconnected port probe_in2[0]
WARNING: [Synth 8-3331] design vio_v3_0_19_vio has unconnected port probe_in3[0]
WARNING: [Synth 8-3331] design vio_v3_0_19_vio has unconnected port probe_in4[0]
WARNING: [Synth 8-3331] design vio_v3_0_19_vio has unconnected port probe_in5[0]
WARNING: [Synth 8-3331] design vio_v3_0_19_vio has unconnected port probe_in6[0]
WARNING: [Synth 8-3331] design vio_v3_0_19_vio has unconnected port probe_in7[0]
WARNING: [Synth 8-3331] design vio_v3_0_19_vio has unconnected port probe_in8[0]
WARNING: [Synth 8-3331] design vio_v3_0_19_vio has unconnected port probe_in9[0]
WARNING: [Synth 8-3331] design vio_v3_0_19_vio has unconnected port probe_in10[0]
WARNING: [Synth 8-3331] design vio_v3_0_19_vio has unconnected port probe_in11[0]
WARNING: [Synth 8-3331] design vio_v3_0_19_vio has unconnected port probe_in12[0]
WARNING: [Synth 8-3331] design vio_v3_0_19_vio has unconnected port probe_in13[0]
WARNING: [Synth 8-3331] design vio_v3_0_19_vio has unconnected port probe_in14[0]
WARNING: [Synth 8-3331] design vio_v3_0_19_vio has unconnected port probe_in15[0]
WARNING: [Synth 8-3331] design vio_v3_0_19_vio has unconnected port probe_in16[0]
WARNING: [Synth 8-3331] design vio_v3_0_19_vio has unconnected port probe_in17[0]
WARNING: [Synth 8-3331] design vio_v3_0_19_vio has unconnected port probe_in18[0]
WARNING: [Synth 8-3331] design vio_v3_0_19_vio has unconnected port probe_in19[0]
WARNING: [Synth 8-3331] design vio_v3_0_19_vio has unconnected port probe_in20[0]
WARNING: [Synth 8-3331] design vio_v3_0_19_vio has unconnected port probe_in21[0]
WARNING: [Synth 8-3331] design vio_v3_0_19_vio has unconnected port probe_in22[0]
WARNING: [Synth 8-3331] design vio_v3_0_19_vio has unconnected port probe_in23[0]
WARNING: [Synth 8-3331] design vio_v3_0_19_vio has unconnected port probe_in24[0]
WARNING: [Synth 8-3331] design vio_v3_0_19_vio has unconnected port probe_in25[0]
WARNING: [Synth 8-3331] design vio_v3_0_19_vio has unconnected port probe_in26[0]
WARNING: [Synth 8-3331] design vio_v3_0_19_vio has unconnected port probe_in27[0]
WARNING: [Synth 8-3331] design vio_v3_0_19_vio has unconnected port probe_in28[0]
WARNING: [Synth 8-3331] design vio_v3_0_19_vio has unconnected port probe_in29[0]
WARNING: [Synth 8-3331] design vio_v3_0_19_vio has unconnected port probe_in30[0]
WARNING: [Synth 8-3331] design vio_v3_0_19_vio has unconnected port probe_in31[0]
WARNING: [Synth 8-3331] design vio_v3_0_19_vio has unconnected port probe_in32[0]
WARNING: [Synth 8-3331] design vio_v3_0_19_vio has unconnected port probe_in33[0]
WARNING: [Synth 8-3331] design vio_v3_0_19_vio has unconnected port probe_in34[0]
WARNING: [Synth 8-3331] design vio_v3_0_19_vio has unconnected port probe_in35[0]
WARNING: [Synth 8-3331] design vio_v3_0_19_vio has unconnected port probe_in36[0]
WARNING: [Synth 8-3331] design vio_v3_0_19_vio has unconnected port probe_in37[0]
WARNING: [Synth 8-3331] design vio_v3_0_19_vio has unconnected port probe_in38[0]
WARNING: [Synth 8-3331] design vio_v3_0_19_vio has unconnected port probe_in39[0]
WARNING: [Synth 8-3331] design vio_v3_0_19_vio has unconnected port probe_in40[0]
WARNING: [Synth 8-3331] design vio_v3_0_19_vio has unconnected port probe_in41[0]
WARNING: [Synth 8-3331] design vio_v3_0_19_vio has unconnected port probe_in42[0]
WARNING: [Synth 8-3331] design vio_v3_0_19_vio has unconnected port probe_in43[0]
WARNING: [Synth 8-3331] design vio_v3_0_19_vio has unconnected port probe_in44[0]
WARNING: [Synth 8-3331] design vio_v3_0_19_vio has unconnected port probe_in45[0]
WARNING: [Synth 8-3331] design vio_v3_0_19_vio has unconnected port probe_in46[0]
WARNING: [Synth 8-3331] design vio_v3_0_19_vio has unconnected port probe_in47[0]
WARNING: [Synth 8-3331] design vio_v3_0_19_vio has unconnected port probe_in48[0]
WARNING: [Synth 8-3331] design vio_v3_0_19_vio has unconnected port probe_in49[0]
WARNING: [Synth 8-3331] design vio_v3_0_19_vio has unconnected port probe_in50[0]
WARNING: [Synth 8-3331] design vio_v3_0_19_vio has unconnected port probe_in51[0]
WARNING: [Synth 8-3331] design vio_v3_0_19_vio has unconnected port probe_in52[0]
WARNING: [Synth 8-3331] design vio_v3_0_19_vio has unconnected port probe_in53[0]
WARNING: [Synth 8-3331] design vio_v3_0_19_vio has unconnected port probe_in54[0]
WARNING: [Synth 8-3331] design vio_v3_0_19_vio has unconnected port probe_in55[0]
WARNING: [Synth 8-3331] design vio_v3_0_19_vio has unconnected port probe_in56[0]
WARNING: [Synth 8-3331] design vio_v3_0_19_vio has unconnected port probe_in57[0]
WARNING: [Synth 8-3331] design vio_v3_0_19_vio has unconnected port probe_in58[0]
WARNING: [Synth 8-3331] design vio_v3_0_19_vio has unconnected port probe_in59[0]
WARNING: [Synth 8-3331] design vio_v3_0_19_vio has unconnected port probe_in60[0]
WARNING: [Synth 8-3331] design vio_v3_0_19_vio has unconnected port probe_in61[0]
WARNING: [Synth 8-3331] design vio_v3_0_19_vio has unconnected port probe_in62[0]
WARNING: [Synth 8-3331] design vio_v3_0_19_vio has unconnected port probe_in63[0]
WARNING: [Synth 8-3331] design vio_v3_0_19_vio has unconnected port probe_in64[0]
WARNING: [Synth 8-3331] design vio_v3_0_19_vio has unconnected port probe_in65[0]
WARNING: [Synth 8-3331] design vio_v3_0_19_vio has unconnected port probe_in66[0]
WARNING: [Synth 8-3331] design vio_v3_0_19_vio has unconnected port probe_in67[0]
WARNING: [Synth 8-3331] design vio_v3_0_19_vio has unconnected port probe_in68[0]
WARNING: [Synth 8-3331] design vio_v3_0_19_vio has unconnected port probe_in69[0]
WARNING: [Synth 8-3331] design vio_v3_0_19_vio has unconnected port probe_in70[0]
WARNING: [Synth 8-3331] design vio_v3_0_19_vio has unconnected port probe_in71[0]
WARNING: [Synth 8-3331] design vio_v3_0_19_vio has unconnected port probe_in72[0]
WARNING: [Synth 8-3331] design vio_v3_0_19_vio has unconnected port probe_in73[0]
WARNING: [Synth 8-3331] design vio_v3_0_19_vio has unconnected port probe_in74[0]
WARNING: [Synth 8-3331] design vio_v3_0_19_vio has unconnected port probe_in75[0]
WARNING: [Synth 8-3331] design vio_v3_0_19_vio has unconnected port probe_in76[0]
WARNING: [Synth 8-3331] design vio_v3_0_19_vio has unconnected port probe_in77[0]
WARNING: [Synth 8-3331] design vio_v3_0_19_vio has unconnected port probe_in78[0]
WARNING: [Synth 8-3331] design vio_v3_0_19_vio has unconnected port probe_in79[0]
WARNING: [Synth 8-3331] design vio_v3_0_19_vio has unconnected port probe_in80[0]
WARNING: [Synth 8-3331] design vio_v3_0_19_vio has unconnected port probe_in81[0]
WARNING: [Synth 8-3331] design vio_v3_0_19_vio has unconnected port probe_in82[0]
WARNING: [Synth 8-3331] design vio_v3_0_19_vio has unconnected port probe_in83[0]
WARNING: [Synth 8-3331] design vio_v3_0_19_vio has unconnected port probe_in84[0]
WARNING: [Synth 8-3331] design vio_v3_0_19_vio has unconnected port probe_in85[0]
WARNING: [Synth 8-3331] design vio_v3_0_19_vio has unconnected port probe_in86[0]
WARNING: [Synth 8-3331] design vio_v3_0_19_vio has unconnected port probe_in87[0]
WARNING: [Synth 8-3331] design vio_v3_0_19_vio has unconnected port probe_in88[0]
WARNING: [Synth 8-3331] design vio_v3_0_19_vio has unconnected port probe_in89[0]
WARNING: [Synth 8-3331] design vio_v3_0_19_vio has unconnected port probe_in90[0]
WARNING: [Synth 8-3331] design vio_v3_0_19_vio has unconnected port probe_in91[0]
WARNING: [Synth 8-3331] design vio_v3_0_19_vio has unconnected port probe_in92[0]
WARNING: [Synth 8-3331] design vio_v3_0_19_vio has unconnected port probe_in93[0]
WARNING: [Synth 8-3331] design vio_v3_0_19_vio has unconnected port probe_in94[0]
WARNING: [Synth 8-3331] design vio_v3_0_19_vio has unconnected port probe_in95[0]
WARNING: [Synth 8-3331] design vio_v3_0_19_vio has unconnected port probe_in96[0]
WARNING: [Synth 8-3331] design vio_v3_0_19_vio has unconnected port probe_in97[0]
WARNING: [Synth 8-3331] design vio_v3_0_19_vio has unconnected port probe_in98[0]
WARNING: [Synth 8-3331] design vio_v3_0_19_vio has unconnected port probe_in99[0]
INFO: [Common 17-14] Message 'Synth 8-3331' appears 100 times and further instances of the messages will be disabled. Use the Tcl command set_msg_config to change the current settings.
---------------------------------------------------------------------------------
Finished RTL Elaboration : Time (s): cpu = 00:00:06 ; elapsed = 00:00:08 . Memory (MB): peak = 1481.188 ; gain = 128.773 ; free physical = 614 ; free virtual = 4536
---------------------------------------------------------------------------------

Report Check Netlist: 
+------+------------------+-------+---------+-------+------------------+
|      |Item              |Errors |Warnings |Status |Description       |
+------+------------------+-------+---------+-------+------------------+
|1     |multi_driven_nets |      0|        0|Passed |Multi driven nets |
+------+------------------+-------+---------+-------+------------------+
WARNING: [Synth 8-3295] tying undriven pin inst:sl_iport0[36] to constant 0 [/home/rome/Escritorio/cese/cursos/5B/MYS/proyectos/contador/sintesis/contador.srcs/sources_1/bd/system/ip/system_vio_0_0/synth/system_vio_0_0.v:861]
WARNING: [Synth 8-3295] tying undriven pin inst:sl_iport0[35] to constant 0 [/home/rome/Escritorio/cese/cursos/5B/MYS/proyectos/contador/sintesis/contador.srcs/sources_1/bd/system/ip/system_vio_0_0/synth/system_vio_0_0.v:861]
WARNING: [Synth 8-3295] tying undriven pin inst:sl_iport0[34] to constant 0 [/home/rome/Escritorio/cese/cursos/5B/MYS/proyectos/contador/sintesis/contador.srcs/sources_1/bd/system/ip/system_vio_0_0/synth/system_vio_0_0.v:861]
WARNING: [Synth 8-3295] tying undriven pin inst:sl_iport0[33] to constant 0 [/home/rome/Escritorio/cese/cursos/5B/MYS/proyectos/contador/sintesis/contador.srcs/sources_1/bd/system/ip/system_vio_0_0/synth/system_vio_0_0.v:861]
WARNING: [Synth 8-3295] tying undriven pin inst:sl_iport0[32] to constant 0 [/home/rome/Escritorio/cese/cursos/5B/MYS/proyectos/contador/sintesis/contador.srcs/sources_1/bd/system/ip/system_vio_0_0/synth/system_vio_0_0.v:861]
WARNING: [Synth 8-3295] tying undriven pin inst:sl_iport0[31] to constant 0 [/home/rome/Escritorio/cese/cursos/5B/MYS/proyectos/contador/sintesis/contador.srcs/sources_1/bd/system/ip/system_vio_0_0/synth/system_vio_0_0.v:861]
WARNING: [Synth 8-3295] tying undriven pin inst:sl_iport0[30] to constant 0 [/home/rome/Escritorio/cese/cursos/5B/MYS/proyectos/contador/sintesis/contador.srcs/sources_1/bd/system/ip/system_vio_0_0/synth/system_vio_0_0.v:861]
WARNING: [Synth 8-3295] tying undriven pin inst:sl_iport0[29] to constant 0 [/home/rome/Escritorio/cese/cursos/5B/MYS/proyectos/contador/sintesis/contador.srcs/sources_1/bd/system/ip/system_vio_0_0/synth/system_vio_0_0.v:861]
WARNING: [Synth 8-3295] tying undriven pin inst:sl_iport0[28] to constant 0 [/home/rome/Escritorio/cese/cursos/5B/MYS/proyectos/contador/sintesis/contador.srcs/sources_1/bd/system/ip/system_vio_0_0/synth/system_vio_0_0.v:861]
WARNING: [Synth 8-3295] tying undriven pin inst:sl_iport0[27] to constant 0 [/home/rome/Escritorio/cese/cursos/5B/MYS/proyectos/contador/sintesis/contador.srcs/sources_1/bd/system/ip/system_vio_0_0/synth/system_vio_0_0.v:861]
WARNING: [Synth 8-3295] tying undriven pin inst:sl_iport0[26] to constant 0 [/home/rome/Escritorio/cese/cursos/5B/MYS/proyectos/contador/sintesis/contador.srcs/sources_1/bd/system/ip/system_vio_0_0/synth/system_vio_0_0.v:861]
WARNING: [Synth 8-3295] tying undriven pin inst:sl_iport0[25] to constant 0 [/home/rome/Escritorio/cese/cursos/5B/MYS/proyectos/contador/sintesis/contador.srcs/sources_1/bd/system/ip/system_vio_0_0/synth/system_vio_0_0.v:861]
WARNING: [Synth 8-3295] tying undriven pin inst:sl_iport0[24] to constant 0 [/home/rome/Escritorio/cese/cursos/5B/MYS/proyectos/contador/sintesis/contador.srcs/sources_1/bd/system/ip/system_vio_0_0/synth/system_vio_0_0.v:861]
WARNING: [Synth 8-3295] tying undriven pin inst:sl_iport0[23] to constant 0 [/home/rome/Escritorio/cese/cursos/5B/MYS/proyectos/contador/sintesis/contador.srcs/sources_1/bd/system/ip/system_vio_0_0/synth/system_vio_0_0.v:861]
WARNING: [Synth 8-3295] tying undriven pin inst:sl_iport0[22] to constant 0 [/home/rome/Escritorio/cese/cursos/5B/MYS/proyectos/contador/sintesis/contador.srcs/sources_1/bd/system/ip/system_vio_0_0/synth/system_vio_0_0.v:861]
WARNING: [Synth 8-3295] tying undriven pin inst:sl_iport0[21] to constant 0 [/home/rome/Escritorio/cese/cursos/5B/MYS/proyectos/contador/sintesis/contador.srcs/sources_1/bd/system/ip/system_vio_0_0/synth/system_vio_0_0.v:861]
WARNING: [Synth 8-3295] tying undriven pin inst:sl_iport0[20] to constant 0 [/home/rome/Escritorio/cese/cursos/5B/MYS/proyectos/contador/sintesis/contador.srcs/sources_1/bd/system/ip/system_vio_0_0/synth/system_vio_0_0.v:861]
WARNING: [Synth 8-3295] tying undriven pin inst:sl_iport0[19] to constant 0 [/home/rome/Escritorio/cese/cursos/5B/MYS/proyectos/contador/sintesis/contador.srcs/sources_1/bd/system/ip/system_vio_0_0/synth/system_vio_0_0.v:861]
WARNING: [Synth 8-3295] tying undriven pin inst:sl_iport0[18] to constant 0 [/home/rome/Escritorio/cese/cursos/5B/MYS/proyectos/contador/sintesis/contador.srcs/sources_1/bd/system/ip/system_vio_0_0/synth/system_vio_0_0.v:861]
WARNING: [Synth 8-3295] tying undriven pin inst:sl_iport0[17] to constant 0 [/home/rome/Escritorio/cese/cursos/5B/MYS/proyectos/contador/sintesis/contador.srcs/sources_1/bd/system/ip/system_vio_0_0/synth/system_vio_0_0.v:861]
WARNING: [Synth 8-3295] tying undriven pin inst:sl_iport0[16] to constant 0 [/home/rome/Escritorio/cese/cursos/5B/MYS/proyectos/contador/sintesis/contador.srcs/sources_1/bd/system/ip/system_vio_0_0/synth/system_vio_0_0.v:861]
WARNING: [Synth 8-3295] tying undriven pin inst:sl_iport0[15] to constant 0 [/home/rome/Escritorio/cese/cursos/5B/MYS/proyectos/contador/sintesis/contador.srcs/sources_1/bd/system/ip/system_vio_0_0/synth/system_vio_0_0.v:861]
WARNING: [Synth 8-3295] tying undriven pin inst:sl_iport0[14] to constant 0 [/home/rome/Escritorio/cese/cursos/5B/MYS/proyectos/contador/sintesis/contador.srcs/sources_1/bd/system/ip/system_vio_0_0/synth/system_vio_0_0.v:861]
WARNING: [Synth 8-3295] tying undriven pin inst:sl_iport0[13] to constant 0 [/home/rome/Escritorio/cese/cursos/5B/MYS/proyectos/contador/sintesis/contador.srcs/sources_1/bd/system/ip/system_vio_0_0/synth/system_vio_0_0.v:861]
WARNING: [Synth 8-3295] tying undriven pin inst:sl_iport0[12] to constant 0 [/home/rome/Escritorio/cese/cursos/5B/MYS/proyectos/contador/sintesis/contador.srcs/sources_1/bd/system/ip/system_vio_0_0/synth/system_vio_0_0.v:861]
WARNING: [Synth 8-3295] tying undriven pin inst:sl_iport0[11] to constant 0 [/home/rome/Escritorio/cese/cursos/5B/MYS/proyectos/contador/sintesis/contador.srcs/sources_1/bd/system/ip/system_vio_0_0/synth/system_vio_0_0.v:861]
WARNING: [Synth 8-3295] tying undriven pin inst:sl_iport0[10] to constant 0 [/home/rome/Escritorio/cese/cursos/5B/MYS/proyectos/contador/sintesis/contador.srcs/sources_1/bd/system/ip/system_vio_0_0/synth/system_vio_0_0.v:861]
WARNING: [Synth 8-3295] tying undriven pin inst:sl_iport0[9] to constant 0 [/home/rome/Escritorio/cese/cursos/5B/MYS/proyectos/contador/sintesis/contador.srcs/sources_1/bd/system/ip/system_vio_0_0/synth/system_vio_0_0.v:861]
WARNING: [Synth 8-3295] tying undriven pin inst:sl_iport0[8] to constant 0 [/home/rome/Escritorio/cese/cursos/5B/MYS/proyectos/contador/sintesis/contador.srcs/sources_1/bd/system/ip/system_vio_0_0/synth/system_vio_0_0.v:861]
WARNING: [Synth 8-3295] tying undriven pin inst:sl_iport0[7] to constant 0 [/home/rome/Escritorio/cese/cursos/5B/MYS/proyectos/contador/sintesis/contador.srcs/sources_1/bd/system/ip/system_vio_0_0/synth/system_vio_0_0.v:861]
WARNING: [Synth 8-3295] tying undriven pin inst:sl_iport0[6] to constant 0 [/home/rome/Escritorio/cese/cursos/5B/MYS/proyectos/contador/sintesis/contador.srcs/sources_1/bd/system/ip/system_vio_0_0/synth/system_vio_0_0.v:861]
WARNING: [Synth 8-3295] tying undriven pin inst:sl_iport0[5] to constant 0 [/home/rome/Escritorio/cese/cursos/5B/MYS/proyectos/contador/sintesis/contador.srcs/sources_1/bd/system/ip/system_vio_0_0/synth/system_vio_0_0.v:861]
WARNING: [Synth 8-3295] tying undriven pin inst:sl_iport0[4] to constant 0 [/home/rome/Escritorio/cese/cursos/5B/MYS/proyectos/contador/sintesis/contador.srcs/sources_1/bd/system/ip/system_vio_0_0/synth/system_vio_0_0.v:861]
WARNING: [Synth 8-3295] tying undriven pin inst:sl_iport0[3] to constant 0 [/home/rome/Escritorio/cese/cursos/5B/MYS/proyectos/contador/sintesis/contador.srcs/sources_1/bd/system/ip/system_vio_0_0/synth/system_vio_0_0.v:861]
WARNING: [Synth 8-3295] tying undriven pin inst:sl_iport0[2] to constant 0 [/home/rome/Escritorio/cese/cursos/5B/MYS/proyectos/contador/sintesis/contador.srcs/sources_1/bd/system/ip/system_vio_0_0/synth/system_vio_0_0.v:861]
WARNING: [Synth 8-3295] tying undriven pin inst:sl_iport0[1] to constant 0 [/home/rome/Escritorio/cese/cursos/5B/MYS/proyectos/contador/sintesis/contador.srcs/sources_1/bd/system/ip/system_vio_0_0/synth/system_vio_0_0.v:861]
WARNING: [Synth 8-3295] tying undriven pin inst:sl_iport0[0] to constant 0 [/home/rome/Escritorio/cese/cursos/5B/MYS/proyectos/contador/sintesis/contador.srcs/sources_1/bd/system/ip/system_vio_0_0/synth/system_vio_0_0.v:861]
---------------------------------------------------------------------------------
Start Handling Custom Attributes
---------------------------------------------------------------------------------
---------------------------------------------------------------------------------
Finished Handling Custom Attributes : Time (s): cpu = 00:00:06 ; elapsed = 00:00:08 . Memory (MB): peak = 1481.188 ; gain = 128.773 ; free physical = 616 ; free virtual = 4538
---------------------------------------------------------------------------------
---------------------------------------------------------------------------------
Finished RTL Optimization Phase 1 : Time (s): cpu = 00:00:06 ; elapsed = 00:00:08 . Memory (MB): peak = 1481.188 ; gain = 128.773 ; free physical = 616 ; free virtual = 4538
---------------------------------------------------------------------------------
INFO: [Device 21-403] Loading part xc7z010clg400-1
INFO: [Project 1-570] Preparing netlist for logic optimization

Processing XDC Constraints
Initializing timing engine
Parsing XDC File [/home/rome/Escritorio/cese/cursos/5B/MYS/proyectos/contador/sintesis/contador.srcs/sources_1/bd/system/ip/system_vio_0_0/system_vio_0_0_ooc.xdc]
Finished Parsing XDC File [/home/rome/Escritorio/cese/cursos/5B/MYS/proyectos/contador/sintesis/contador.srcs/sources_1/bd/system/ip/system_vio_0_0/system_vio_0_0_ooc.xdc]
Parsing XDC File [/home/rome/Escritorio/cese/cursos/5B/MYS/proyectos/contador/sintesis/contador.srcs/sources_1/bd/system/ip/system_vio_0_0/system_vio_0_0.xdc]
Finished Parsing XDC File [/home/rome/Escritorio/cese/cursos/5B/MYS/proyectos/contador/sintesis/contador.srcs/sources_1/bd/system/ip/system_vio_0_0/system_vio_0_0.xdc]
Completed Processing XDC Constraints

Netlist sorting complete. Time (s): cpu = 00:00:00 ; elapsed = 00:00:00 . Memory (MB): peak = 1782.805 ; gain = 0.000 ; free physical = 387 ; free virtual = 4310
INFO: [Project 1-111] Unisim Transformation Summary:
No Unisim elements were transformed.

Netlist sorting complete. Time (s): cpu = 00:00:00 ; elapsed = 00:00:00 . Memory (MB): peak = 1782.805 ; gain = 0.000 ; free physical = 387 ; free virtual = 4310
Constraint Validation Runtime : Time (s): cpu = 00:00:00.03 ; elapsed = 00:00:00.04 . Memory (MB): peak = 1782.805 ; gain = 0.000 ; free physical = 387 ; free virtual = 4310
---------------------------------------------------------------------------------
Finished Constraint Validation : Time (s): cpu = 00:00:15 ; elapsed = 00:00:20 . Memory (MB): peak = 1782.805 ; gain = 430.391 ; free physical = 455 ; free virtual = 4377
---------------------------------------------------------------------------------
---------------------------------------------------------------------------------
Start Loading Part and Timing Information
---------------------------------------------------------------------------------
Loading part: xc7z010clg400-1
---------------------------------------------------------------------------------
Finished Loading Part and Timing Information : Time (s): cpu = 00:00:15 ; elapsed = 00:00:20 . Memory (MB): peak = 1782.805 ; gain = 430.391 ; free physical = 455 ; free virtual = 4377
---------------------------------------------------------------------------------
---------------------------------------------------------------------------------
Start Applying 'set_property' XDC Constraints
---------------------------------------------------------------------------------
---------------------------------------------------------------------------------
Finished applying 'set_property' XDC Constraints : Time (s): cpu = 00:00:15 ; elapsed = 00:00:20 . Memory (MB): peak = 1782.805 ; gain = 430.391 ; free physical = 455 ; free virtual = 4377
---------------------------------------------------------------------------------
INFO: [Synth 8-5546] ROM "wr_en_int0" won't be mapped to RAM because it is too sparse
INFO: [Synth 8-5546] ROM "wr_en_int0" won't be mapped to RAM because it is too sparse
INFO: [Synth 8-5546] ROM "wr_en_int0" won't be mapped to RAM because it is too sparse
INFO: [Synth 8-5546] ROM "wr_en_int0" won't be mapped to RAM because it is too sparse
INFO: [Synth 8-5546] ROM "wr_en_int0" won't be mapped to RAM because it is too sparse
INFO: [Synth 8-5546] ROM "rd_en_int0" won't be mapped to RAM because it is too sparse
INFO: [Synth 8-5546] ROM "rd_en_int0" won't be mapped to RAM because it is too sparse
---------------------------------------------------------------------------------
Finished RTL Optimization Phase 2 : Time (s): cpu = 00:00:16 ; elapsed = 00:00:20 . Memory (MB): peak = 1782.805 ; gain = 430.391 ; free physical = 451 ; free virtual = 4373
---------------------------------------------------------------------------------

Report RTL Partitions: 
+-+--------------+------------+----------+
| |RTL Partition |Replication |Instances |
+-+--------------+------------+----------+
+-+--------------+------------+----------+
---------------------------------------------------------------------------------
Start RTL Component Statistics 
---------------------------------------------------------------------------------
Detailed RTL Component Info : 
+---Registers : 
	              128 Bit    Registers := 1     
	               16 Bit    Registers := 5     
	               12 Bit    Registers := 1     
	                7 Bit    Registers := 1     
	                5 Bit    Registers := 1     
	                4 Bit    Registers := 5     
	                3 Bit    Registers := 2     
	                1 Bit    Registers := 12    
+---Muxes : 
	   2 Input     16 Bit        Muxes := 2     
	   2 Input      1 Bit        Muxes := 9     
---------------------------------------------------------------------------------
Finished RTL Component Statistics 
---------------------------------------------------------------------------------
---------------------------------------------------------------------------------
Start RTL Hierarchical Component Statistics 
---------------------------------------------------------------------------------
Hierarchical RTL Component report 
Module vio_v3_0_19_probe_in_one 
Detailed RTL Component Info : 
+---Registers : 
	               12 Bit    Registers := 1     
	                4 Bit    Registers := 5     
	                1 Bit    Registers := 2     
+---Muxes : 
	   2 Input      1 Bit        Muxes := 1     
Module xsdbs_v1_0_2_xsdbs 
Detailed RTL Component Info : 
+---Registers : 
	              128 Bit    Registers := 1     
	               16 Bit    Registers := 2     
	                1 Bit    Registers := 1     
+---Muxes : 
	   2 Input     16 Bit        Muxes := 1     
	   2 Input      1 Bit        Muxes := 1     
Module vio_v3_0_19_decoder 
Detailed RTL Component Info : 
+---Registers : 
	               16 Bit    Registers := 2     
	                7 Bit    Registers := 1     
	                5 Bit    Registers := 1     
	                3 Bit    Registers := 2     
	                1 Bit    Registers := 9     
+---Muxes : 
	   2 Input     16 Bit        Muxes := 1     
	   2 Input      1 Bit        Muxes := 7     
Module vio_v3_0_19_vio 
Detailed RTL Component Info : 
+---Registers : 
	               16 Bit    Registers := 1     
---------------------------------------------------------------------------------
Finished RTL Hierarchical Component Statistics
---------------------------------------------------------------------------------
---------------------------------------------------------------------------------
Start Part Resource Summary
---------------------------------------------------------------------------------
Part Resources:
DSPs: 80 (col length:40)
BRAMs: 120 (col length: RAMB18 40 RAMB36 20)
---------------------------------------------------------------------------------
Finished Part Resource Summary
---------------------------------------------------------------------------------
---------------------------------------------------------------------------------
Start Cross Boundary and Area Optimization
---------------------------------------------------------------------------------
Warning: Parallel synthesis criteria is not met 
INFO: [Synth 8-5546] ROM "DECODER_INST/wr_en_int0" won't be mapped to RAM because it is too sparse
INFO: [Synth 8-5546] ROM "DECODER_INST/wr_en_int0" won't be mapped to RAM because it is too sparse
INFO: [Synth 8-5546] ROM "DECODER_INST/wr_en_int0" won't be mapped to RAM because it is too sparse
INFO: [Synth 8-5546] ROM "DECODER_INST/wr_en_int0" won't be mapped to RAM because it is too sparse
INFO: [Synth 8-5546] ROM "DECODER_INST/wr_en_int0" won't be mapped to RAM because it is too sparse
---------------------------------------------------------------------------------
Finished Cross Boundary and Area Optimization : Time (s): cpu = 00:00:17 ; elapsed = 00:00:22 . Memory (MB): peak = 1782.805 ; gain = 430.391 ; free physical = 439 ; free virtual = 4364
---------------------------------------------------------------------------------

Report RTL Partitions: 
+-+--------------+------------+----------+
| |RTL Partition |Replication |Instances |
+-+--------------+------------+----------+
+-+--------------+------------+----------+
---------------------------------------------------------------------------------
Start Applying XDC Timing Constraints
---------------------------------------------------------------------------------
---------------------------------------------------------------------------------
Finished Applying XDC Timing Constraints : Time (s): cpu = 00:00:25 ; elapsed = 00:00:30 . Memory (MB): peak = 1782.805 ; gain = 430.391 ; free physical = 351 ; free virtual = 4277
---------------------------------------------------------------------------------
---------------------------------------------------------------------------------
Start Timing Optimization
---------------------------------------------------------------------------------
---------------------------------------------------------------------------------
Finished Timing Optimization : Time (s): cpu = 00:00:25 ; elapsed = 00:00:30 . Memory (MB): peak = 1782.805 ; gain = 430.391 ; free physical = 351 ; free virtual = 4276
---------------------------------------------------------------------------------

Report RTL Partitions: 
+-+--------------+------------+----------+
| |RTL Partition |Replication |Instances |
+-+--------------+------------+----------+
+-+--------------+------------+----------+
---------------------------------------------------------------------------------
Start Technology Mapping
---------------------------------------------------------------------------------
---------------------------------------------------------------------------------
Finished Technology Mapping : Time (s): cpu = 00:00:26 ; elapsed = 00:00:31 . Memory (MB): peak = 1782.805 ; gain = 430.391 ; free physical = 331 ; free virtual = 4257
---------------------------------------------------------------------------------

Report RTL Partitions: 
+-+--------------+------------+----------+
| |RTL Partition |Replication |Instances |
+-+--------------+------------+----------+
+-+--------------+------------+----------+
---------------------------------------------------------------------------------
Start IO Insertion
---------------------------------------------------------------------------------
---------------------------------------------------------------------------------
Start Flattening Before IO Insertion
---------------------------------------------------------------------------------
---------------------------------------------------------------------------------
Finished Flattening Before IO Insertion
---------------------------------------------------------------------------------
---------------------------------------------------------------------------------
Start Final Netlist Cleanup
---------------------------------------------------------------------------------
---------------------------------------------------------------------------------
Finished Final Netlist Cleanup
---------------------------------------------------------------------------------
WARNING: [Synth 8-3295] tying undriven pin inst:sl_iport0[36] to constant 0
WARNING: [Synth 8-3295] tying undriven pin inst:sl_iport0[35] to constant 0
WARNING: [Synth 8-3295] tying undriven pin inst:sl_iport0[34] to constant 0
WARNING: [Synth 8-3295] tying undriven pin inst:sl_iport0[33] to constant 0
WARNING: [Synth 8-3295] tying undriven pin inst:sl_iport0[32] to constant 0
WARNING: [Synth 8-3295] tying undriven pin inst:sl_iport0[31] to constant 0
WARNING: [Synth 8-3295] tying undriven pin inst:sl_iport0[30] to constant 0
WARNING: [Synth 8-3295] tying undriven pin inst:sl_iport0[29] to constant 0
WARNING: [Synth 8-3295] tying undriven pin inst:sl_iport0[28] to constant 0
WARNING: [Synth 8-3295] tying undriven pin inst:sl_iport0[27] to constant 0
WARNING: [Synth 8-3295] tying undriven pin inst:sl_iport0[26] to constant 0
WARNING: [Synth 8-3295] tying undriven pin inst:sl_iport0[25] to constant 0
WARNING: [Synth 8-3295] tying undriven pin inst:sl_iport0[24] to constant 0
WARNING: [Synth 8-3295] tying undriven pin inst:sl_iport0[23] to constant 0
WARNING: [Synth 8-3295] tying undriven pin inst:sl_iport0[22] to constant 0
WARNING: [Synth 8-3295] tying undriven pin inst:sl_iport0[21] to constant 0
WARNING: [Synth 8-3295] tying undriven pin inst:sl_iport0[20] to constant 0
WARNING: [Synth 8-3295] tying undriven pin inst:sl_iport0[19] to constant 0
WARNING: [Synth 8-3295] tying undriven pin inst:sl_iport0[18] to constant 0
WARNING: [Synth 8-3295] tying undriven pin inst:sl_iport0[17] to constant 0
WARNING: [Synth 8-3295] tying undriven pin inst:sl_iport0[16] to constant 0
WARNING: [Synth 8-3295] tying undriven pin inst:sl_iport0[15] to constant 0
WARNING: [Synth 8-3295] tying undriven pin inst:sl_iport0[14] to constant 0
WARNING: [Synth 8-3295] tying undriven pin inst:sl_iport0[13] to constant 0
WARNING: [Synth 8-3295] tying undriven pin inst:sl_iport0[12] to constant 0
WARNING: [Synth 8-3295] tying undriven pin inst:sl_iport0[11] to constant 0
WARNING: [Synth 8-3295] tying undriven pin inst:sl_iport0[10] to constant 0
WARNING: [Synth 8-3295] tying undriven pin inst:sl_iport0[9] to constant 0
WARNING: [Synth 8-3295] tying undriven pin inst:sl_iport0[8] to constant 0
WARNING: [Synth 8-3295] tying undriven pin inst:sl_iport0[7] to constant 0
WARNING: [Synth 8-3295] tying undriven pin inst:sl_iport0[6] to constant 0
WARNING: [Synth 8-3295] tying undriven pin inst:sl_iport0[5] to constant 0
WARNING: [Synth 8-3295] tying undriven pin inst:sl_iport0[4] to constant 0
WARNING: [Synth 8-3295] tying undriven pin inst:sl_iport0[3] to constant 0
WARNING: [Synth 8-3295] tying undriven pin inst:sl_iport0[2] to constant 0
WARNING: [Synth 8-3295] tying undriven pin inst:sl_iport0[1] to constant 0
WARNING: [Synth 8-3295] tying undriven pin inst:sl_iport0[0] to constant 0
---------------------------------------------------------------------------------
Finished IO Insertion : Time (s): cpu = 00:00:27 ; elapsed = 00:00:32 . Memory (MB): peak = 1782.805 ; gain = 430.391 ; free physical = 325 ; free virtual = 4251
---------------------------------------------------------------------------------

Report Check Netlist: 
+------+------------------+-------+---------+-------+------------------+
|      |Item              |Errors |Warnings |Status |Description       |
+------+------------------+-------+---------+-------+------------------+
|1     |multi_driven_nets |      0|        0|Passed |Multi driven nets |
+------+------------------+-------+---------+-------+------------------+
---------------------------------------------------------------------------------
Start Renaming Generated Instances
---------------------------------------------------------------------------------
---------------------------------------------------------------------------------
Finished Renaming Generated Instances : Time (s): cpu = 00:00:27 ; elapsed = 00:00:32 . Memory (MB): peak = 1782.805 ; gain = 430.391 ; free physical = 325 ; free virtual = 4251
---------------------------------------------------------------------------------

Report RTL Partitions: 
+-+--------------+------------+----------+
| |RTL Partition |Replication |Instances |
+-+--------------+------------+----------+
+-+--------------+------------+----------+
---------------------------------------------------------------------------------
Start Rebuilding User Hierarchy
---------------------------------------------------------------------------------
---------------------------------------------------------------------------------
Finished Rebuilding User Hierarchy : Time (s): cpu = 00:00:27 ; elapsed = 00:00:32 . Memory (MB): peak = 1782.805 ; gain = 430.391 ; free physical = 324 ; free virtual = 4250
---------------------------------------------------------------------------------
---------------------------------------------------------------------------------
Start Renaming Generated Ports
---------------------------------------------------------------------------------
---------------------------------------------------------------------------------
Finished Renaming Generated Ports : Time (s): cpu = 00:00:27 ; elapsed = 00:00:32 . Memory (MB): peak = 1782.805 ; gain = 430.391 ; free physical = 323 ; free virtual = 4249
---------------------------------------------------------------------------------
---------------------------------------------------------------------------------
Start Handling Custom Attributes
---------------------------------------------------------------------------------
---------------------------------------------------------------------------------
Finished Handling Custom Attributes : Time (s): cpu = 00:00:27 ; elapsed = 00:00:32 . Memory (MB): peak = 1782.805 ; gain = 430.391 ; free physical = 322 ; free virtual = 4248
---------------------------------------------------------------------------------
---------------------------------------------------------------------------------
Start Renaming Generated Nets
---------------------------------------------------------------------------------
---------------------------------------------------------------------------------
Finished Renaming Generated Nets : Time (s): cpu = 00:00:27 ; elapsed = 00:00:32 . Memory (MB): peak = 1782.805 ; gain = 430.391 ; free physical = 322 ; free virtual = 4247
---------------------------------------------------------------------------------
---------------------------------------------------------------------------------
Start Writing Synthesis Report
---------------------------------------------------------------------------------

Report BlackBoxes: 
+-+--------------+----------+
| |BlackBox name |Instances |
+-+--------------+----------+
+-+--------------+----------+

Report Cell Usage: 
+------+-----+------+
|      |Cell |Count |
+------+-----+------+
|1     |LUT1 |     1|
|2     |LUT2 |     2|
|3     |LUT3 |    29|
|4     |LUT4 |     9|
|5     |LUT5 |    20|
|6     |LUT6 |    65|
|7     |FDRE |   260|
+------+-----+------+

Report Instance Areas: 
+------+------------------+-------------------------+------+
|      |Instance          |Module                   |Cells |
+------+------------------+-------------------------+------+
|1     |top               |                         |   386|
|2     |  inst            |vio_v3_0_19_vio          |   386|
|3     |    U_XSDB_SLAVE  |xsdbs_v1_0_2_xsdbs       |   248|
|4     |    DECODER_INST  |vio_v3_0_19_decoder      |    77|
|5     |    PROBE_IN_INST |vio_v3_0_19_probe_in_one |    45|
+------+------------------+-------------------------+------+
---------------------------------------------------------------------------------
Finished Writing Synthesis Report : Time (s): cpu = 00:00:27 ; elapsed = 00:00:32 . Memory (MB): peak = 1782.805 ; gain = 430.391 ; free physical = 321 ; free virtual = 4247
---------------------------------------------------------------------------------
Synthesis finished with 0 errors, 0 critical warnings and 292 warnings.
Synthesis Optimization Runtime : Time (s): cpu = 00:00:20 ; elapsed = 00:00:24 . Memory (MB): peak = 1782.805 ; gain = 128.773 ; free physical = 370 ; free virtual = 4296
Synthesis Optimization Complete : Time (s): cpu = 00:00:27 ; elapsed = 00:00:32 . Memory (MB): peak = 1782.812 ; gain = 430.391 ; free physical = 370 ; free virtual = 4296
INFO: [Project 1-571] Translating synthesized netlist
INFO: [Project 1-570] Preparing netlist for logic optimization
INFO: [Opt 31-138] Pushed 0 inverter(s) to 0 load pin(s).
Netlist sorting complete. Time (s): cpu = 00:00:00 ; elapsed = 00:00:00 . Memory (MB): peak = 1788.805 ; gain = 0.000 ; free physical = 251 ; free virtual = 4176
INFO: [Project 1-111] Unisim Transformation Summary:
No Unisim elements were transformed.

INFO: [Common 17-83] Releasing license: Synthesis
27 Infos, 175 Warnings, 0 Critical Warnings and 0 Errors encountered.
synth_design completed successfully
synth_design: Time (s): cpu = 00:00:30 ; elapsed = 00:00:34 . Memory (MB): peak = 1788.805 ; gain = 436.391 ; free physical = 295 ; free virtual = 4221
Netlist sorting complete. Time (s): cpu = 00:00:00 ; elapsed = 00:00:00 . Memory (MB): peak = 1788.805 ; gain = 0.000 ; free physical = 295 ; free virtual = 4221
WARNING: [Constraints 18-5210] No constraints selected for write.
Resolution: This message can indicate that there are no constraints for the design, or it can indicate that the used_in flags are set such that the constraints are ignored. This later case is used when running synth_design to not write synthesis constraints to the resulting checkpoint. Instead, project constraints are read when the synthesized design is opened.
INFO: [Common 17-1381] The checkpoint '/home/rome/Escritorio/cese/cursos/5B/MYS/proyectos/contador/sintesis/contador.runs/system_vio_0_0_synth_1/system_vio_0_0.dcp' has been generated.
INFO: [Coretcl 2-1648] Added synthesis output to IP cache for IP system_vio_0_0, cache-ID = 077c464eb4bb820d
INFO: [Coretcl 2-1174] Renamed 4 cell refs.
Netlist sorting complete. Time (s): cpu = 00:00:00 ; elapsed = 00:00:00 . Memory (MB): peak = 1812.816 ; gain = 0.000 ; free physical = 229 ; free virtual = 4156
WARNING: [Constraints 18-5210] No constraints selected for write.
Resolution: This message can indicate that there are no constraints for the design, or it can indicate that the used_in flags are set such that the constraints are ignored. This later case is used when running synth_design to not write synthesis constraints to the resulting checkpoint. Instead, project constraints are read when the synthesized design is opened.
INFO: [Common 17-1381] The checkpoint '/home/rome/Escritorio/cese/cursos/5B/MYS/proyectos/contador/sintesis/contador.runs/system_vio_0_0_synth_1/system_vio_0_0.dcp' has been generated.
INFO: [runtcl-4] Executing : report_utilization -file system_vio_0_0_utilization_synth.rpt -pb system_vio_0_0_utilization_synth.pb
INFO: [Common 17-206] Exiting Vivado at Thu Oct  3 11:39:31 2024...
