11:49:39 INFO  : Registering command handlers for SDK TCF services
11:49:42 INFO  : Launching XSCT server: xsct -n -interactive /home/rome/Escritorio/cese/cursos/5B/MYS/proyectos/contador/sintesis/contador.sdk/temp_xsdb_launch_script.tcl
11:49:47 INFO  : XSCT server has started successfully.
11:49:47 INFO  : Successfully done setting XSCT server connection channel  
11:49:47 INFO  : Successfully done setting SDK workspace  
11:49:47 INFO  : Processing command line option -hwspec /home/rome/Escritorio/cese/cursos/5B/MYS/proyectos/contador/sintesis/contador.sdk/system_wrapper.hdf.
16:59:51 INFO  : Registering command handlers for SDK TCF services
16:59:53 INFO  : Launching XSCT server: xsct -n -interactive /home/rome/Escritorio/cese/cursos/5B/MYS/proyectos/contador/sintesis/contador.sdk/temp_xsdb_launch_script.tcl
16:59:57 INFO  : XSCT server has started successfully.
16:59:57 INFO  : Successfully done setting XSCT server connection channel  
16:59:58 INFO  : Successfully done setting SDK workspace  
16:59:58 INFO  : Processing command line option -hwspec /home/rome/Escritorio/cese/cursos/5B/MYS/proyectos/contador/sintesis/contador.sdk/system_wrapper.hdf.
16:59:58 INFO  : Checking for hwspec changes in the project system_wrapper_hw_platform_0.
17:02:31 INFO  : Connected to target on host 'lseserver.ddns.net' and port '3121'.
17:02:50 INFO  : 'targets -set -filter {jtag_cable_name =~ "Digilent Arty Z7 003017A4C8ABA" && level==0} -index 1' command is executed.
17:02:50 INFO  : 'fpga -state' command is executed.
17:02:52 INFO  : Connected through redirection to target on host 'lseserver.ddns.net' and port '3121'.
17:02:52 WARN  : SDK version '2018.3' doesn't match hw_server version '2023.2'. Some debug features may not work.
17:02:56 INFO  : Jtag cable 'Digilent Arty Z7 003017A4C8ABA' is selected.
17:02:56 INFO  : 'jtag frequency' command is executed.
17:02:56 INFO  : Sourcing of '/home/rome/Escritorio/cese/cursos/5B/MYS/proyectos/contador/sintesis/contador.sdk/system_wrapper_hw_platform_0/ps7_init.tcl' is done.
17:02:56 INFO  : Context for 'APU' is selected.
17:02:57 INFO  : Hardware design information is loaded from '/home/rome/Escritorio/cese/cursos/5B/MYS/proyectos/contador/sintesis/contador.sdk/system_wrapper_hw_platform_0/system.hdf'.
17:02:57 INFO  : 'configparams force-mem-access 1' command is executed.
17:02:57 INFO  : Context for 'APU' is selected.
17:02:58 INFO  : 'stop' command is executed.
17:03:12 INFO  : 'ps7_init' command is executed.
17:03:13 INFO  : 'ps7_post_config' command is executed.
17:03:13 INFO  : Context for processor 'ps7_cortexa9_0' is selected.
17:03:13 INFO  : Processor reset is completed for 'ps7_cortexa9_0'.
17:03:13 INFO  : Context for processor 'ps7_cortexa9_0' is selected.
17:03:14 INFO  : The application '/home/rome/Escritorio/cese/cursos/5B/MYS/proyectos/contador/sintesis/contador.sdk/counter_app/Debug/counter_app.elf' is downloaded to processor 'ps7_cortexa9_0'.
17:03:14 INFO  : 'configparams force-mem-access 0' command is executed.
17:03:14 INFO  : ----------------XSDB Script----------------
connect -path [list tcp::1534 tcp:lseserver.ddns.net:3121]
source /home/rome/Escritorio/cese/cursos/5B/MYS/proyectos/contador/sintesis/contador.sdk/system_wrapper_hw_platform_0/ps7_init.tcl
targets -set -nocase -filter {name =~"APU*" && jtag_cable_name =~ "Digilent Arty Z7 003017A4C8ABA"} -index 0
loadhw -hw /home/rome/Escritorio/cese/cursos/5B/MYS/proyectos/contador/sintesis/contador.sdk/system_wrapper_hw_platform_0/system.hdf -mem-ranges [list {0x40000000 0xbfffffff}]
configparams force-mem-access 1
targets -set -nocase -filter {name =~"APU*" && jtag_cable_name =~ "Digilent Arty Z7 003017A4C8ABA"} -index 0
stop
ps7_init
ps7_post_config
targets -set -nocase -filter {name =~ "ARM*#0" && jtag_cable_name =~ "Digilent Arty Z7 003017A4C8ABA"} -index 0
rst -processor
targets -set -nocase -filter {name =~ "ARM*#0" && jtag_cable_name =~ "Digilent Arty Z7 003017A4C8ABA"} -index 0
dow /home/rome/Escritorio/cese/cursos/5B/MYS/proyectos/contador/sintesis/contador.sdk/counter_app/Debug/counter_app.elf
configparams force-mem-access 0
----------------End of Script----------------

17:03:14 INFO  : Context for processor 'ps7_cortexa9_0' is selected.
17:03:14 INFO  : 'con' command is executed.
17:03:14 INFO  : ----------------XSDB Script (After Launch)----------------
targets -set -nocase -filter {name =~ "ARM*#0" && jtag_cable_name =~ "Digilent Arty Z7 003017A4C8ABA"} -index 0
con
----------------End of Script----------------

17:03:14 INFO  : Disconnected from the channel tcfchan#2.
17:05:26 INFO  : 'targets -set -filter {jtag_cable_name =~ "Digilent Arty Z7 003017A4C8ABA" && level==0} -index 1' command is executed.
17:05:26 INFO  : 'fpga -state' command is executed.
17:05:27 INFO  : Connected through redirection to target on host 'lseserver.ddns.net' and port '3121'.
17:05:28 WARN  : SDK version '2018.3' doesn't match hw_server version '2023.2'. Some debug features may not work.
17:05:30 INFO  : Jtag cable 'Digilent Arty Z7 003017A4C8ABA' is selected.
17:05:30 INFO  : 'jtag frequency' command is executed.
17:05:30 INFO  : Sourcing of '/home/rome/Escritorio/cese/cursos/5B/MYS/proyectos/contador/sintesis/contador.sdk/system_wrapper_hw_platform_0/ps7_init.tcl' is done.
17:05:31 INFO  : Context for 'APU' is selected.
17:05:31 INFO  : Hardware design information is loaded from '/home/rome/Escritorio/cese/cursos/5B/MYS/proyectos/contador/sintesis/contador.sdk/system_wrapper_hw_platform_0/system.hdf'.
17:05:31 INFO  : 'configparams force-mem-access 1' command is executed.
17:05:31 INFO  : Context for 'APU' is selected.
17:05:32 INFO  : 'stop' command is executed.
17:05:47 INFO  : 'ps7_init' command is executed.
17:05:47 INFO  : 'ps7_post_config' command is executed.
17:05:47 INFO  : Context for processor 'ps7_cortexa9_0' is selected.
17:05:48 INFO  : Processor reset is completed for 'ps7_cortexa9_0'.
17:05:48 INFO  : Context for processor 'ps7_cortexa9_0' is selected.
17:05:48 INFO  : The application '/home/rome/Escritorio/cese/cursos/5B/MYS/proyectos/contador/sintesis/contador.sdk/counter_app/Debug/counter_app.elf' is downloaded to processor 'ps7_cortexa9_0'.
17:05:48 INFO  : 'configparams force-mem-access 0' command is executed.
17:05:48 INFO  : ----------------XSDB Script----------------
connect -path [list tcp::1534 tcp:lseserver.ddns.net:3121]
source /home/rome/Escritorio/cese/cursos/5B/MYS/proyectos/contador/sintesis/contador.sdk/system_wrapper_hw_platform_0/ps7_init.tcl
targets -set -nocase -filter {name =~"APU*" && jtag_cable_name =~ "Digilent Arty Z7 003017A4C8ABA"} -index 0
loadhw -hw /home/rome/Escritorio/cese/cursos/5B/MYS/proyectos/contador/sintesis/contador.sdk/system_wrapper_hw_platform_0/system.hdf -mem-ranges [list {0x40000000 0xbfffffff}]
configparams force-mem-access 1
targets -set -nocase -filter {name =~"APU*" && jtag_cable_name =~ "Digilent Arty Z7 003017A4C8ABA"} -index 0
stop
ps7_init
ps7_post_config
targets -set -nocase -filter {name =~ "ARM*#0" && jtag_cable_name =~ "Digilent Arty Z7 003017A4C8ABA"} -index 0
rst -processor
targets -set -nocase -filter {name =~ "ARM*#0" && jtag_cable_name =~ "Digilent Arty Z7 003017A4C8ABA"} -index 0
dow /home/rome/Escritorio/cese/cursos/5B/MYS/proyectos/contador/sintesis/contador.sdk/counter_app/Debug/counter_app.elf
configparams force-mem-access 0
----------------End of Script----------------

17:05:48 INFO  : Context for processor 'ps7_cortexa9_0' is selected.
17:05:48 INFO  : 'con' command is executed.
17:05:48 INFO  : ----------------XSDB Script (After Launch)----------------
targets -set -nocase -filter {name =~ "ARM*#0" && jtag_cable_name =~ "Digilent Arty Z7 003017A4C8ABA"} -index 0
con
----------------End of Script----------------

17:05:48 INFO  : Disconnected from the channel tcfchan#3.
17:07:01 INFO  : 'targets -set -filter {jtag_cable_name =~ "Digilent Arty Z7 003017A4C8ABA" && level==0} -index 1' command is executed.
17:07:01 INFO  : 'fpga -state' command is executed.
17:07:02 INFO  : Connected through redirection to target on host 'lseserver.ddns.net' and port '3121'.
17:07:03 WARN  : SDK version '2018.3' doesn't match hw_server version '2023.2'. Some debug features may not work.
17:07:06 INFO  : Jtag cable 'Digilent Arty Z7 003017A4C8ABA' is selected.
17:07:06 INFO  : 'jtag frequency' command is executed.
17:07:06 INFO  : Sourcing of '/home/rome/Escritorio/cese/cursos/5B/MYS/proyectos/contador/sintesis/contador.sdk/system_wrapper_hw_platform_0/ps7_init.tcl' is done.
17:07:07 INFO  : Context for 'APU' is selected.
17:07:07 INFO  : Hardware design information is loaded from '/home/rome/Escritorio/cese/cursos/5B/MYS/proyectos/contador/sintesis/contador.sdk/system_wrapper_hw_platform_0/system.hdf'.
17:07:07 INFO  : 'configparams force-mem-access 1' command is executed.
17:07:08 INFO  : Context for 'APU' is selected.
17:07:09 INFO  : 'stop' command is executed.
17:07:23 INFO  : 'ps7_init' command is executed.
17:07:23 INFO  : 'ps7_post_config' command is executed.
17:07:23 INFO  : Context for processor 'ps7_cortexa9_0' is selected.
17:07:24 INFO  : Processor reset is completed for 'ps7_cortexa9_0'.
17:07:24 INFO  : Context for processor 'ps7_cortexa9_0' is selected.
17:07:24 INFO  : The application '/home/rome/Escritorio/cese/cursos/5B/MYS/proyectos/contador/sintesis/contador.sdk/counter_app/Debug/counter_app.elf' is downloaded to processor 'ps7_cortexa9_0'.
17:07:24 INFO  : 'configparams force-mem-access 0' command is executed.
17:07:24 INFO  : ----------------XSDB Script----------------
connect -path [list tcp::1534 tcp:lseserver.ddns.net:3121]
source /home/rome/Escritorio/cese/cursos/5B/MYS/proyectos/contador/sintesis/contador.sdk/system_wrapper_hw_platform_0/ps7_init.tcl
targets -set -nocase -filter {name =~"APU*" && jtag_cable_name =~ "Digilent Arty Z7 003017A4C8ABA"} -index 0
loadhw -hw /home/rome/Escritorio/cese/cursos/5B/MYS/proyectos/contador/sintesis/contador.sdk/system_wrapper_hw_platform_0/system.hdf -mem-ranges [list {0x40000000 0xbfffffff}]
configparams force-mem-access 1
targets -set -nocase -filter {name =~"APU*" && jtag_cable_name =~ "Digilent Arty Z7 003017A4C8ABA"} -index 0
stop
ps7_init
ps7_post_config
targets -set -nocase -filter {name =~ "ARM*#0" && jtag_cable_name =~ "Digilent Arty Z7 003017A4C8ABA"} -index 0
rst -processor
targets -set -nocase -filter {name =~ "ARM*#0" && jtag_cable_name =~ "Digilent Arty Z7 003017A4C8ABA"} -index 0
dow /home/rome/Escritorio/cese/cursos/5B/MYS/proyectos/contador/sintesis/contador.sdk/counter_app/Debug/counter_app.elf
configparams force-mem-access 0
----------------End of Script----------------

17:07:24 INFO  : Context for processor 'ps7_cortexa9_0' is selected.
17:07:24 INFO  : 'con' command is executed.
17:07:24 INFO  : ----------------XSDB Script (After Launch)----------------
targets -set -nocase -filter {name =~ "ARM*#0" && jtag_cable_name =~ "Digilent Arty Z7 003017A4C8ABA"} -index 0
con
----------------End of Script----------------

17:07:24 INFO  : Disconnected from the channel tcfchan#4.
17:09:26 INFO  : 'targets -set -filter {jtag_cable_name =~ "Digilent Arty Z7 003017A4C8ABA" && level==0} -index 1' command is executed.
17:09:26 INFO  : 'fpga -state' command is executed.
17:09:28 INFO  : Connected through redirection to target on host 'lseserver.ddns.net' and port '3121'.
17:09:28 WARN  : SDK version '2018.3' doesn't match hw_server version '2023.2'. Some debug features may not work.
17:09:33 INFO  : Jtag cable 'Digilent Arty Z7 003017A4C8ABA' is selected.
17:09:33 INFO  : 'jtag frequency' command is executed.
17:09:33 INFO  : Sourcing of '/home/rome/Escritorio/cese/cursos/5B/MYS/proyectos/contador/sintesis/contador.sdk/system_wrapper_hw_platform_0/ps7_init.tcl' is done.
17:09:34 INFO  : Context for 'APU' is selected.
17:09:34 INFO  : Hardware design information is loaded from '/home/rome/Escritorio/cese/cursos/5B/MYS/proyectos/contador/sintesis/contador.sdk/system_wrapper_hw_platform_0/system.hdf'.
17:09:34 INFO  : 'configparams force-mem-access 1' command is executed.
17:09:35 INFO  : Context for 'APU' is selected.
17:09:35 INFO  : 'stop' command is executed.
17:09:49 INFO  : 'ps7_init' command is executed.
17:09:50 INFO  : 'ps7_post_config' command is executed.
17:09:50 INFO  : Context for processor 'ps7_cortexa9_0' is selected.
17:09:50 INFO  : Processor reset is completed for 'ps7_cortexa9_0'.
17:09:50 INFO  : Context for processor 'ps7_cortexa9_0' is selected.
17:09:51 INFO  : The application '/home/rome/Escritorio/cese/cursos/5B/MYS/proyectos/contador/sintesis/contador.sdk/counter_app/Debug/counter_app.elf' is downloaded to processor 'ps7_cortexa9_0'.
17:09:51 INFO  : 'configparams force-mem-access 0' command is executed.
17:09:51 INFO  : ----------------XSDB Script----------------
connect -path [list tcp::1534 tcp:lseserver.ddns.net:3121]
source /home/rome/Escritorio/cese/cursos/5B/MYS/proyectos/contador/sintesis/contador.sdk/system_wrapper_hw_platform_0/ps7_init.tcl
targets -set -nocase -filter {name =~"APU*" && jtag_cable_name =~ "Digilent Arty Z7 003017A4C8ABA"} -index 0
loadhw -hw /home/rome/Escritorio/cese/cursos/5B/MYS/proyectos/contador/sintesis/contador.sdk/system_wrapper_hw_platform_0/system.hdf -mem-ranges [list {0x40000000 0xbfffffff}]
configparams force-mem-access 1
targets -set -nocase -filter {name =~"APU*" && jtag_cable_name =~ "Digilent Arty Z7 003017A4C8ABA"} -index 0
stop
ps7_init
ps7_post_config
targets -set -nocase -filter {name =~ "ARM*#0" && jtag_cable_name =~ "Digilent Arty Z7 003017A4C8ABA"} -index 0
rst -processor
targets -set -nocase -filter {name =~ "ARM*#0" && jtag_cable_name =~ "Digilent Arty Z7 003017A4C8ABA"} -index 0
dow /home/rome/Escritorio/cese/cursos/5B/MYS/proyectos/contador/sintesis/contador.sdk/counter_app/Debug/counter_app.elf
configparams force-mem-access 0
----------------End of Script----------------

17:09:51 INFO  : Context for processor 'ps7_cortexa9_0' is selected.
17:09:51 INFO  : 'con' command is executed.
17:09:51 INFO  : ----------------XSDB Script (After Launch)----------------
targets -set -nocase -filter {name =~ "ARM*#0" && jtag_cable_name =~ "Digilent Arty Z7 003017A4C8ABA"} -index 0
con
----------------End of Script----------------

17:09:51 INFO  : Disconnected from the channel tcfchan#5.
17:11:09 INFO  : 'targets -set -filter {jtag_cable_name =~ "Digilent Arty Z7 003017A4C8ABA" && level==0} -index 1' command is executed.
17:11:09 INFO  : 'fpga -state' command is executed.
17:11:10 INFO  : Connected through redirection to target on host 'lseserver.ddns.net' and port '3121'.
17:11:11 WARN  : SDK version '2018.3' doesn't match hw_server version '2023.2'. Some debug features may not work.
17:11:13 INFO  : Jtag cable 'Digilent Arty Z7 003017A4C8ABA' is selected.
17:11:13 INFO  : 'jtag frequency' command is executed.
17:11:13 INFO  : Sourcing of '/home/rome/Escritorio/cese/cursos/5B/MYS/proyectos/contador/sintesis/contador.sdk/system_wrapper_hw_platform_0/ps7_init.tcl' is done.
17:11:13 INFO  : Context for 'APU' is selected.
17:11:14 INFO  : Hardware design information is loaded from '/home/rome/Escritorio/cese/cursos/5B/MYS/proyectos/contador/sintesis/contador.sdk/system_wrapper_hw_platform_0/system.hdf'.
17:11:14 INFO  : 'configparams force-mem-access 1' command is executed.
17:11:14 INFO  : Context for 'APU' is selected.
17:11:15 INFO  : 'stop' command is executed.
17:11:29 INFO  : 'ps7_init' command is executed.
17:11:29 INFO  : 'ps7_post_config' command is executed.
17:11:29 INFO  : Context for processor 'ps7_cortexa9_0' is selected.
17:11:30 INFO  : Processor reset is completed for 'ps7_cortexa9_0'.
17:11:30 INFO  : Context for processor 'ps7_cortexa9_0' is selected.
17:11:30 INFO  : The application '/home/rome/Escritorio/cese/cursos/5B/MYS/proyectos/contador/sintesis/contador.sdk/counter_app/Debug/counter_app.elf' is downloaded to processor 'ps7_cortexa9_0'.
17:11:30 INFO  : 'configparams force-mem-access 0' command is executed.
17:11:30 INFO  : ----------------XSDB Script----------------
connect -path [list tcp::1534 tcp:lseserver.ddns.net:3121]
source /home/rome/Escritorio/cese/cursos/5B/MYS/proyectos/contador/sintesis/contador.sdk/system_wrapper_hw_platform_0/ps7_init.tcl
targets -set -nocase -filter {name =~"APU*" && jtag_cable_name =~ "Digilent Arty Z7 003017A4C8ABA"} -index 0
loadhw -hw /home/rome/Escritorio/cese/cursos/5B/MYS/proyectos/contador/sintesis/contador.sdk/system_wrapper_hw_platform_0/system.hdf -mem-ranges [list {0x40000000 0xbfffffff}]
configparams force-mem-access 1
targets -set -nocase -filter {name =~"APU*" && jtag_cable_name =~ "Digilent Arty Z7 003017A4C8ABA"} -index 0
stop
ps7_init
ps7_post_config
targets -set -nocase -filter {name =~ "ARM*#0" && jtag_cable_name =~ "Digilent Arty Z7 003017A4C8ABA"} -index 0
rst -processor
targets -set -nocase -filter {name =~ "ARM*#0" && jtag_cable_name =~ "Digilent Arty Z7 003017A4C8ABA"} -index 0
dow /home/rome/Escritorio/cese/cursos/5B/MYS/proyectos/contador/sintesis/contador.sdk/counter_app/Debug/counter_app.elf
configparams force-mem-access 0
----------------End of Script----------------

17:11:30 INFO  : Context for processor 'ps7_cortexa9_0' is selected.
17:11:30 INFO  : 'con' command is executed.
17:11:30 INFO  : ----------------XSDB Script (After Launch)----------------
targets -set -nocase -filter {name =~ "ARM*#0" && jtag_cable_name =~ "Digilent Arty Z7 003017A4C8ABA"} -index 0
con
----------------End of Script----------------

17:11:30 INFO  : Disconnected from the channel tcfchan#6.
17:12:20 INFO  : 'targets -set -filter {jtag_cable_name =~ "Digilent Arty Z7 003017A4C8ABA" && level==0} -index 1' command is executed.
17:12:20 INFO  : 'fpga -state' command is executed.
17:12:21 INFO  : Connected through redirection to target on host 'lseserver.ddns.net' and port '3121'.
17:12:21 WARN  : SDK version '2018.3' doesn't match hw_server version '2023.2'. Some debug features may not work.
17:12:23 INFO  : Jtag cable 'Digilent Arty Z7 003017A4C8ABA' is selected.
17:12:23 INFO  : 'jtag frequency' command is executed.
17:12:23 INFO  : Sourcing of '/home/rome/Escritorio/cese/cursos/5B/MYS/proyectos/contador/sintesis/contador.sdk/system_wrapper_hw_platform_0/ps7_init.tcl' is done.
17:12:24 INFO  : Context for 'APU' is selected.
17:12:24 INFO  : Hardware design information is loaded from '/home/rome/Escritorio/cese/cursos/5B/MYS/proyectos/contador/sintesis/contador.sdk/system_wrapper_hw_platform_0/system.hdf'.
17:12:24 INFO  : 'configparams force-mem-access 1' command is executed.
17:12:24 INFO  : Context for 'APU' is selected.
17:12:25 INFO  : 'stop' command is executed.
17:12:38 INFO  : 'ps7_init' command is executed.
17:12:39 INFO  : 'ps7_post_config' command is executed.
17:12:39 INFO  : Context for processor 'ps7_cortexa9_0' is selected.
17:12:39 INFO  : Processor reset is completed for 'ps7_cortexa9_0'.
17:12:39 INFO  : Context for processor 'ps7_cortexa9_0' is selected.
17:12:40 INFO  : The application '/home/rome/Escritorio/cese/cursos/5B/MYS/proyectos/contador/sintesis/contador.sdk/counter_app/Debug/counter_app.elf' is downloaded to processor 'ps7_cortexa9_0'.
17:12:40 INFO  : 'configparams force-mem-access 0' command is executed.
17:12:40 INFO  : ----------------XSDB Script----------------
connect -path [list tcp::1534 tcp:lseserver.ddns.net:3121]
source /home/rome/Escritorio/cese/cursos/5B/MYS/proyectos/contador/sintesis/contador.sdk/system_wrapper_hw_platform_0/ps7_init.tcl
targets -set -nocase -filter {name =~"APU*" && jtag_cable_name =~ "Digilent Arty Z7 003017A4C8ABA"} -index 0
loadhw -hw /home/rome/Escritorio/cese/cursos/5B/MYS/proyectos/contador/sintesis/contador.sdk/system_wrapper_hw_platform_0/system.hdf -mem-ranges [list {0x40000000 0xbfffffff}]
configparams force-mem-access 1
targets -set -nocase -filter {name =~"APU*" && jtag_cable_name =~ "Digilent Arty Z7 003017A4C8ABA"} -index 0
stop
ps7_init
ps7_post_config
targets -set -nocase -filter {name =~ "ARM*#0" && jtag_cable_name =~ "Digilent Arty Z7 003017A4C8ABA"} -index 0
rst -processor
targets -set -nocase -filter {name =~ "ARM*#0" && jtag_cable_name =~ "Digilent Arty Z7 003017A4C8ABA"} -index 0
dow /home/rome/Escritorio/cese/cursos/5B/MYS/proyectos/contador/sintesis/contador.sdk/counter_app/Debug/counter_app.elf
configparams force-mem-access 0
----------------End of Script----------------

17:12:40 INFO  : Context for processor 'ps7_cortexa9_0' is selected.
17:12:40 INFO  : 'con' command is executed.
17:12:40 INFO  : ----------------XSDB Script (After Launch)----------------
targets -set -nocase -filter {name =~ "ARM*#0" && jtag_cable_name =~ "Digilent Arty Z7 003017A4C8ABA"} -index 0
con
----------------End of Script----------------

17:12:40 INFO  : Disconnected from the channel tcfchan#7.
17:14:01 INFO  : 'targets -set -filter {jtag_cable_name =~ "Digilent Arty Z7 003017A4C8ABA" && level==0} -index 1' command is executed.
17:14:01 INFO  : 'fpga -state' command is executed.
17:14:02 INFO  : Connected through redirection to target on host 'lseserver.ddns.net' and port '3121'.
17:14:03 WARN  : SDK version '2018.3' doesn't match hw_server version '2023.2'. Some debug features may not work.
17:14:08 INFO  : Jtag cable 'Digilent Arty Z7 003017A4C8ABA' is selected.
17:14:08 INFO  : 'jtag frequency' command is executed.
17:14:08 INFO  : Sourcing of '/home/rome/Escritorio/cese/cursos/5B/MYS/proyectos/contador/sintesis/contador.sdk/system_wrapper_hw_platform_0/ps7_init.tcl' is done.
17:14:09 INFO  : Context for 'APU' is selected.
17:14:09 INFO  : Hardware design information is loaded from '/home/rome/Escritorio/cese/cursos/5B/MYS/proyectos/contador/sintesis/contador.sdk/system_wrapper_hw_platform_0/system.hdf'.
17:14:10 INFO  : 'configparams force-mem-access 1' command is executed.
17:14:10 INFO  : Context for 'APU' is selected.
17:14:11 INFO  : 'stop' command is executed.
17:14:25 INFO  : 'ps7_init' command is executed.
17:14:25 INFO  : 'ps7_post_config' command is executed.
17:14:25 INFO  : Context for processor 'ps7_cortexa9_0' is selected.
17:14:26 INFO  : Processor reset is completed for 'ps7_cortexa9_0'.
17:14:26 INFO  : Context for processor 'ps7_cortexa9_0' is selected.
17:14:26 INFO  : The application '/home/rome/Escritorio/cese/cursos/5B/MYS/proyectos/contador/sintesis/contador.sdk/counter_app/Debug/counter_app.elf' is downloaded to processor 'ps7_cortexa9_0'.
17:14:26 INFO  : 'configparams force-mem-access 0' command is executed.
17:14:26 INFO  : ----------------XSDB Script----------------
connect -path [list tcp::1534 tcp:lseserver.ddns.net:3121]
source /home/rome/Escritorio/cese/cursos/5B/MYS/proyectos/contador/sintesis/contador.sdk/system_wrapper_hw_platform_0/ps7_init.tcl
targets -set -nocase -filter {name =~"APU*" && jtag_cable_name =~ "Digilent Arty Z7 003017A4C8ABA"} -index 0
loadhw -hw /home/rome/Escritorio/cese/cursos/5B/MYS/proyectos/contador/sintesis/contador.sdk/system_wrapper_hw_platform_0/system.hdf -mem-ranges [list {0x40000000 0xbfffffff}]
configparams force-mem-access 1
targets -set -nocase -filter {name =~"APU*" && jtag_cable_name =~ "Digilent Arty Z7 003017A4C8ABA"} -index 0
stop
ps7_init
ps7_post_config
targets -set -nocase -filter {name =~ "ARM*#0" && jtag_cable_name =~ "Digilent Arty Z7 003017A4C8ABA"} -index 0
rst -processor
targets -set -nocase -filter {name =~ "ARM*#0" && jtag_cable_name =~ "Digilent Arty Z7 003017A4C8ABA"} -index 0
dow /home/rome/Escritorio/cese/cursos/5B/MYS/proyectos/contador/sintesis/contador.sdk/counter_app/Debug/counter_app.elf
configparams force-mem-access 0
----------------End of Script----------------

17:14:26 INFO  : Context for processor 'ps7_cortexa9_0' is selected.
17:14:26 INFO  : 'con' command is executed.
17:14:26 INFO  : ----------------XSDB Script (After Launch)----------------
targets -set -nocase -filter {name =~ "ARM*#0" && jtag_cable_name =~ "Digilent Arty Z7 003017A4C8ABA"} -index 0
con
----------------End of Script----------------

17:14:26 INFO  : Disconnected from the channel tcfchan#8.
17:16:35 INFO  : 'targets -set -filter {jtag_cable_name =~ "Digilent Arty Z7 003017A4C8ABA" && level==0} -index 1' command is executed.
17:16:35 INFO  : 'fpga -state' command is executed.
17:16:36 INFO  : Connected through redirection to target on host 'lseserver.ddns.net' and port '3121'.
17:16:37 WARN  : SDK version '2018.3' doesn't match hw_server version '2023.2'. Some debug features may not work.
17:16:39 INFO  : Jtag cable 'Digilent Arty Z7 003017A4C8ABA' is selected.
17:16:39 INFO  : 'jtag frequency' command is executed.
17:16:39 INFO  : Sourcing of '/home/rome/Escritorio/cese/cursos/5B/MYS/proyectos/contador/sintesis/contador.sdk/system_wrapper_hw_platform_0/ps7_init.tcl' is done.
17:16:40 INFO  : Context for 'APU' is selected.
17:16:40 INFO  : Hardware design information is loaded from '/home/rome/Escritorio/cese/cursos/5B/MYS/proyectos/contador/sintesis/contador.sdk/system_wrapper_hw_platform_0/system.hdf'.
17:16:40 INFO  : 'configparams force-mem-access 1' command is executed.
17:16:40 INFO  : Context for 'APU' is selected.
17:16:41 INFO  : 'stop' command is executed.
17:16:55 INFO  : 'ps7_init' command is executed.
17:16:55 INFO  : 'ps7_post_config' command is executed.
17:16:56 INFO  : Context for processor 'ps7_cortexa9_0' is selected.
17:16:56 INFO  : Processor reset is completed for 'ps7_cortexa9_0'.
17:16:56 INFO  : Context for processor 'ps7_cortexa9_0' is selected.
17:16:57 INFO  : The application '/home/rome/Escritorio/cese/cursos/5B/MYS/proyectos/contador/sintesis/contador.sdk/counter_app/Debug/counter_app.elf' is downloaded to processor 'ps7_cortexa9_0'.
17:16:57 INFO  : 'configparams force-mem-access 0' command is executed.
17:16:57 INFO  : ----------------XSDB Script----------------
connect -path [list tcp::1534 tcp:lseserver.ddns.net:3121]
source /home/rome/Escritorio/cese/cursos/5B/MYS/proyectos/contador/sintesis/contador.sdk/system_wrapper_hw_platform_0/ps7_init.tcl
targets -set -nocase -filter {name =~"APU*" && jtag_cable_name =~ "Digilent Arty Z7 003017A4C8ABA"} -index 0
loadhw -hw /home/rome/Escritorio/cese/cursos/5B/MYS/proyectos/contador/sintesis/contador.sdk/system_wrapper_hw_platform_0/system.hdf -mem-ranges [list {0x40000000 0xbfffffff}]
configparams force-mem-access 1
targets -set -nocase -filter {name =~"APU*" && jtag_cable_name =~ "Digilent Arty Z7 003017A4C8ABA"} -index 0
stop
ps7_init
ps7_post_config
targets -set -nocase -filter {name =~ "ARM*#0" && jtag_cable_name =~ "Digilent Arty Z7 003017A4C8ABA"} -index 0
rst -processor
targets -set -nocase -filter {name =~ "ARM*#0" && jtag_cable_name =~ "Digilent Arty Z7 003017A4C8ABA"} -index 0
dow /home/rome/Escritorio/cese/cursos/5B/MYS/proyectos/contador/sintesis/contador.sdk/counter_app/Debug/counter_app.elf
configparams force-mem-access 0
----------------End of Script----------------

17:16:57 INFO  : Context for processor 'ps7_cortexa9_0' is selected.
17:16:57 INFO  : 'con' command is executed.
17:16:57 INFO  : ----------------XSDB Script (After Launch)----------------
targets -set -nocase -filter {name =~ "ARM*#0" && jtag_cable_name =~ "Digilent Arty Z7 003017A4C8ABA"} -index 0
con
----------------End of Script----------------

17:16:57 INFO  : Disconnected from the channel tcfchan#9.
17:28:27 INFO  : 'targets -set -filter {jtag_cable_name =~ "Digilent Arty Z7 003017A4C8ABA" && level==0} -index 1' command is executed.
17:28:27 INFO  : 'fpga -state' command is executed.
17:28:29 INFO  : Connected through redirection to target on host 'lseserver.ddns.net' and port '3121'.
17:28:29 WARN  : SDK version '2018.3' doesn't match hw_server version '2023.2'. Some debug features may not work.
17:28:32 INFO  : Jtag cable 'Digilent Arty Z7 003017A4C8ABA' is selected.
17:28:32 INFO  : 'jtag frequency' command is executed.
17:28:32 INFO  : Sourcing of '/home/rome/Escritorio/cese/cursos/5B/MYS/proyectos/contador/sintesis/contador.sdk/system_wrapper_hw_platform_0/ps7_init.tcl' is done.
17:28:33 INFO  : Context for 'APU' is selected.
17:28:33 INFO  : Hardware design information is loaded from '/home/rome/Escritorio/cese/cursos/5B/MYS/proyectos/contador/sintesis/contador.sdk/system_wrapper_hw_platform_0/system.hdf'.
17:28:33 INFO  : 'configparams force-mem-access 1' command is executed.
17:28:33 INFO  : Context for 'APU' is selected.
17:28:34 INFO  : 'stop' command is executed.
17:28:48 INFO  : 'ps7_init' command is executed.
17:28:49 INFO  : 'ps7_post_config' command is executed.
17:28:49 INFO  : Context for processor 'ps7_cortexa9_0' is selected.
17:28:49 INFO  : Processor reset is completed for 'ps7_cortexa9_0'.
17:28:49 INFO  : Context for processor 'ps7_cortexa9_0' is selected.
17:28:50 INFO  : The application '/home/rome/Escritorio/cese/cursos/5B/MYS/proyectos/contador/sintesis/contador.sdk/counter_app/Debug/counter_app.elf' is downloaded to processor 'ps7_cortexa9_0'.
17:28:50 INFO  : 'configparams force-mem-access 0' command is executed.
17:28:50 INFO  : ----------------XSDB Script----------------
connect -path [list tcp::1534 tcp:lseserver.ddns.net:3121]
source /home/rome/Escritorio/cese/cursos/5B/MYS/proyectos/contador/sintesis/contador.sdk/system_wrapper_hw_platform_0/ps7_init.tcl
targets -set -nocase -filter {name =~"APU*" && jtag_cable_name =~ "Digilent Arty Z7 003017A4C8ABA"} -index 0
loadhw -hw /home/rome/Escritorio/cese/cursos/5B/MYS/proyectos/contador/sintesis/contador.sdk/system_wrapper_hw_platform_0/system.hdf -mem-ranges [list {0x40000000 0xbfffffff}]
configparams force-mem-access 1
targets -set -nocase -filter {name =~"APU*" && jtag_cable_name =~ "Digilent Arty Z7 003017A4C8ABA"} -index 0
stop
ps7_init
ps7_post_config
targets -set -nocase -filter {name =~ "ARM*#0" && jtag_cable_name =~ "Digilent Arty Z7 003017A4C8ABA"} -index 0
rst -processor
targets -set -nocase -filter {name =~ "ARM*#0" && jtag_cable_name =~ "Digilent Arty Z7 003017A4C8ABA"} -index 0
dow /home/rome/Escritorio/cese/cursos/5B/MYS/proyectos/contador/sintesis/contador.sdk/counter_app/Debug/counter_app.elf
configparams force-mem-access 0
----------------End of Script----------------

17:28:50 INFO  : Context for processor 'ps7_cortexa9_0' is selected.
17:28:50 INFO  : 'con' command is executed.
17:28:50 INFO  : ----------------XSDB Script (After Launch)----------------
targets -set -nocase -filter {name =~ "ARM*#0" && jtag_cable_name =~ "Digilent Arty Z7 003017A4C8ABA"} -index 0
con
----------------End of Script----------------

17:28:50 INFO  : Disconnected from the channel tcfchan#10.
17:42:51 INFO  : 'targets -set -filter {jtag_cable_name =~ "Digilent Arty Z7 003017A4C8ABA" && level==0} -index 1' command is executed.
17:42:51 INFO  : 'fpga -state' command is executed.
17:42:52 INFO  : Connected through redirection to target on host 'lseserver.ddns.net' and port '3121'.
17:42:53 WARN  : SDK version '2018.3' doesn't match hw_server version '2023.2'. Some debug features may not work.
17:42:55 INFO  : Jtag cable 'Digilent Arty Z7 003017A4C8ABA' is selected.
17:42:55 INFO  : 'jtag frequency' command is executed.
17:42:55 INFO  : Sourcing of '/home/rome/Escritorio/cese/cursos/5B/MYS/proyectos/contador/sintesis/contador.sdk/system_wrapper_hw_platform_0/ps7_init.tcl' is done.
17:42:55 INFO  : Context for 'APU' is selected.
17:42:56 INFO  : Hardware design information is loaded from '/home/rome/Escritorio/cese/cursos/5B/MYS/proyectos/contador/sintesis/contador.sdk/system_wrapper_hw_platform_0/system.hdf'.
17:42:56 INFO  : 'configparams force-mem-access 1' command is executed.
17:42:56 INFO  : Context for 'APU' is selected.
17:42:57 INFO  : 'stop' command is executed.
17:43:11 INFO  : 'ps7_init' command is executed.
17:43:11 INFO  : 'ps7_post_config' command is executed.
17:43:11 INFO  : Context for processor 'ps7_cortexa9_0' is selected.
17:43:12 INFO  : Processor reset is completed for 'ps7_cortexa9_0'.
17:43:12 INFO  : Context for processor 'ps7_cortexa9_0' is selected.
17:43:12 INFO  : The application '/home/rome/Escritorio/cese/cursos/5B/MYS/proyectos/contador/sintesis/contador.sdk/counter_app/Debug/counter_app.elf' is downloaded to processor 'ps7_cortexa9_0'.
17:43:12 INFO  : 'configparams force-mem-access 0' command is executed.
17:43:12 INFO  : ----------------XSDB Script----------------
connect -path [list tcp::1534 tcp:lseserver.ddns.net:3121]
source /home/rome/Escritorio/cese/cursos/5B/MYS/proyectos/contador/sintesis/contador.sdk/system_wrapper_hw_platform_0/ps7_init.tcl
targets -set -nocase -filter {name =~"APU*" && jtag_cable_name =~ "Digilent Arty Z7 003017A4C8ABA"} -index 0
loadhw -hw /home/rome/Escritorio/cese/cursos/5B/MYS/proyectos/contador/sintesis/contador.sdk/system_wrapper_hw_platform_0/system.hdf -mem-ranges [list {0x40000000 0xbfffffff}]
configparams force-mem-access 1
targets -set -nocase -filter {name =~"APU*" && jtag_cable_name =~ "Digilent Arty Z7 003017A4C8ABA"} -index 0
stop
ps7_init
ps7_post_config
targets -set -nocase -filter {name =~ "ARM*#0" && jtag_cable_name =~ "Digilent Arty Z7 003017A4C8ABA"} -index 0
rst -processor
targets -set -nocase -filter {name =~ "ARM*#0" && jtag_cable_name =~ "Digilent Arty Z7 003017A4C8ABA"} -index 0
dow /home/rome/Escritorio/cese/cursos/5B/MYS/proyectos/contador/sintesis/contador.sdk/counter_app/Debug/counter_app.elf
configparams force-mem-access 0
----------------End of Script----------------

17:43:12 INFO  : Context for processor 'ps7_cortexa9_0' is selected.
17:43:12 INFO  : 'con' command is executed.
17:43:12 INFO  : ----------------XSDB Script (After Launch)----------------
targets -set -nocase -filter {name =~ "ARM*#0" && jtag_cable_name =~ "Digilent Arty Z7 003017A4C8ABA"} -index 0
con
----------------End of Script----------------

17:43:12 INFO  : Disconnected from the channel tcfchan#11.
17:45:45 INFO  : 'targets -set -filter {jtag_cable_name =~ "Digilent Arty Z7 003017A4C8ABA" && level==0} -index 1' command is executed.
17:45:46 INFO  : 'fpga -state' command is executed.
17:45:47 INFO  : Connected through redirection to target on host 'lseserver.ddns.net' and port '3121'.
17:45:47 WARN  : SDK version '2018.3' doesn't match hw_server version '2023.2'. Some debug features may not work.
17:45:56 INFO  : Jtag cable 'Digilent Arty Z7 003017A4C8ABA' is selected.
17:45:56 INFO  : 'jtag frequency' command is executed.
17:45:56 INFO  : Sourcing of '/home/rome/Escritorio/cese/cursos/5B/MYS/proyectos/contador/sintesis/contador.sdk/system_wrapper_hw_platform_0/ps7_init.tcl' is done.
17:45:57 INFO  : Context for 'APU' is selected.
17:45:57 INFO  : Hardware design information is loaded from '/home/rome/Escritorio/cese/cursos/5B/MYS/proyectos/contador/sintesis/contador.sdk/system_wrapper_hw_platform_0/system.hdf'.
17:45:57 INFO  : 'configparams force-mem-access 1' command is executed.
17:45:57 INFO  : Context for 'APU' is selected.
17:45:58 INFO  : 'stop' command is executed.
17:46:14 INFO  : 'ps7_init' command is executed.
17:46:14 INFO  : 'ps7_post_config' command is executed.
17:46:14 INFO  : Context for processor 'ps7_cortexa9_0' is selected.
17:46:15 INFO  : Processor reset is completed for 'ps7_cortexa9_0'.
17:46:15 INFO  : Context for processor 'ps7_cortexa9_0' is selected.
17:46:15 INFO  : The application '/home/rome/Escritorio/cese/cursos/5B/MYS/proyectos/contador/sintesis/contador.sdk/counter_app/Debug/counter_app.elf' is downloaded to processor 'ps7_cortexa9_0'.
17:46:15 INFO  : 'configparams force-mem-access 0' command is executed.
17:46:15 INFO  : ----------------XSDB Script----------------
connect -path [list tcp::1534 tcp:lseserver.ddns.net:3121]
source /home/rome/Escritorio/cese/cursos/5B/MYS/proyectos/contador/sintesis/contador.sdk/system_wrapper_hw_platform_0/ps7_init.tcl
targets -set -nocase -filter {name =~"APU*" && jtag_cable_name =~ "Digilent Arty Z7 003017A4C8ABA"} -index 0
loadhw -hw /home/rome/Escritorio/cese/cursos/5B/MYS/proyectos/contador/sintesis/contador.sdk/system_wrapper_hw_platform_0/system.hdf -mem-ranges [list {0x40000000 0xbfffffff}]
configparams force-mem-access 1
targets -set -nocase -filter {name =~"APU*" && jtag_cable_name =~ "Digilent Arty Z7 003017A4C8ABA"} -index 0
stop
ps7_init
ps7_post_config
targets -set -nocase -filter {name =~ "ARM*#0" && jtag_cable_name =~ "Digilent Arty Z7 003017A4C8ABA"} -index 0
rst -processor
targets -set -nocase -filter {name =~ "ARM*#0" && jtag_cable_name =~ "Digilent Arty Z7 003017A4C8ABA"} -index 0
dow /home/rome/Escritorio/cese/cursos/5B/MYS/proyectos/contador/sintesis/contador.sdk/counter_app/Debug/counter_app.elf
configparams force-mem-access 0
----------------End of Script----------------

17:46:15 INFO  : Context for processor 'ps7_cortexa9_0' is selected.
17:46:16 INFO  : 'con' command is executed.
17:46:16 INFO  : ----------------XSDB Script (After Launch)----------------
targets -set -nocase -filter {name =~ "ARM*#0" && jtag_cable_name =~ "Digilent Arty Z7 003017A4C8ABA"} -index 0
con
----------------End of Script----------------

17:46:16 INFO  : Disconnected from the channel tcfchan#12.
10:01:32 INFO  : Registering command handlers for SDK TCF services
10:01:34 INFO  : Launching XSCT server: xsct -n -interactive /home/rome/Escritorio/cese/cursos/5B/MYS/proyectos/contador/sintesis/contador.sdk/temp_xsdb_launch_script.tcl
10:01:38 INFO  : XSCT server has started successfully.
10:01:39 INFO  : Successfully done setting XSCT server connection channel  
10:01:39 INFO  : Successfully done setting SDK workspace  
10:01:39 INFO  : Processing command line option -hwspec /home/rome/Escritorio/cese/cursos/5B/MYS/proyectos/contador/sintesis/contador.sdk/system_wrapper.hdf.
10:01:39 INFO  : Checking for hwspec changes in the project system_wrapper_hw_platform_0.
